Changed 7:"lxc (proxmox)" to 11:"lxc"
Changed 9:"proxmox lxc" to 11:"lxc"
Changed 13:"kubernetes" to 6:"docker"
Changed 14:"linux containers" to 11:"lxc"
Changed 15:"k3s" to 6:"docker"
Changed 16:"true-nas jails" to 55:"freebsd jails"
Changed 18:"lxc containers in proxmox" to 11:"lxc"
Changed 20:"hyperkit" to 6:"docker"
Changed 21:"lxd" to 11:"lxc"
Changed 22:"container station" to 74:"uncategorised"
Changed 23:"proxmox" to 11:"lxc"
Changed 10:"snap" to 74:"uncategorised"
Changed 26:"docker-compose" to 6:"docker"
Changed 27:"k3s / cri-o" to 6:"docker"
Changed 28:"lxc & qemu kvm" to 74:"uncategorised"
Changed 30:"iocage" to 25:"freebsd jail"
Changed 32:"proxmox, docker" to 11:"lxc"
Changed 33:"lxc mainly along with some docker" to 11:"lxc"
Changed 35:"solaris zones / freebsd jails" to 74:"uncategorised"
Changed 36:"freebsd jails and freebsd bhyve virtual machines" to 76:"bhyve vm"
Changed 37:"cri-o" to 74:"uncategorised"
Changed 38:"unraid docker" to 6:"docker"
Changed 40:"containerd, k3s" to 6:"docker"
Changed 41:"proxmox cts/vms" to 11:"lxc"
Changed 43:"truenas jails" to 25:"freebsd jail"
Changed 44:"proxmox containers" to 11:"lxc"
Changed 47:"kubernetes on containerd" to 29:"containerd"
Changed 48:"ansible" to 74:"uncategorised"
Changed 49:"lxc on proxmox" to 11:"lxc"
Changed 50:"proxmox vm" to 11:"lxc"
Changed 51:"proxmox lxc to containerize os then install services normally" to 11:"lxc"
Changed 52:"proxmox/lxc" to 11:"lxc"
Changed 53:"snapd" to 74:"uncategorised"
Changed 25:"freebsd jail" to 55:"freebsd jails"
Changed 57:"custom" to 75:"miscellaneous"
Changed 58:"lxc & vms" to 46:"virtual machines"
Changed 60:"lxc/lxd" to 11:"lxc"
Changed 61:"proxmox / lxc" to 11:"lxc"
Changed 62:"proxmox vms" to 11:"lxc"
Changed 63:"bastillebsd" to 55:"freebsd jails"
Changed 64:"bsd jails" to 55:"freebsd jails"
Changed 65:"proxmoxve" to 11:"lxc"
Changed 67:"freenas jails" to 55:"freebsd jails"
Changed 68:"container-rd" to 29:"containerd"
Changed 69:"i’m not sure. whichever comes default with k3s." to 6:"docker"
Changed 70:"proxmox and docker" to 11:"lxc"
Changed 71:"wings" to 74:"uncategorised"
Changed 72:"contairnerd" to 29:"containerd"
Changed 42:"virtualbox" to 46:"virtual machines"
Changed 76:"bhyve vm" to 46:"virtual machines"
Changed 79:"proxmox vms" to 11:"lxc"
Changed 81:"vms in proxmox" to 11:"lxc"
Changed 80:"cri-o /w crun" to 6:"docker"
