Changed 14:"good friend" to 12:"friends "
Changed 12:"friends " to 10:"friends"
Changed 15:"friend" to 10:"friends"
Changed 16:"close friends" to 10:"friends"
Changed 17:"work" to 13:"company"
Changed 19:"friends, roommates" to 10:"friends"
Changed 20:"friends and my manager at work" to 13:"company"
Changed 21:"roommates" to 10:"friends"
Changed 22:" friends" to 10:"friends"
Changed 24:"sparse peoples" to 66:"uncategorised"
Changed 26:"significant other" to 18:"partner"
Changed 28:"internet strangers " to 27:"web visitors"
Changed 29:"randoms on the internet" to 27:"web visitors"
Changed 30:"some are public facing" to 27:"web visitors"
Changed 31:"friends, interested people" to 10:"friends"
Changed 32:"some techy friends" to 10:"friends"
Changed 33:"a few friends " to 10:"friends"
Changed 34:"girlfriend" to 18:"partner"
Changed 35:"family / friends " to 66:"uncategorised"
Changed 36:"my pathfinder group" to 9:"association / club"
Changed 37:"friend, girlfriend" to 18:"partner"
Changed 38:"other selfhosting friends" to 10:"friends"
Changed 40:"some friends" to 10:"friends"
Changed 42:"housemates/friends" to 10:"friends"
Changed 43:"friends and gaming guild" to 10:"friends"
Changed 45:"spouse" to 18:"partner"
Changed 46:"roommate" to 10:"friends"
Changed 48:"freinds" to 10:"friends"
Changed 51:"friends, public" to 27:"web visitors"
Changed 52:"friends, community" to 10:"friends"
Changed 55:"roommates & friends" to 10:"friends"
Changed 56:"best friend & flatmate" to 10:"friends"
Changed 57:"ff" to 66:"uncategorised"
Changed 58:"friends and friends of friends" to 10:"friends"
Changed 59:"1 friend" to 10:"friends"
Changed 60:"friends and roommates" to 10:"friends"
Changed 63:"public users" to 27:"web visitors"
Changed 49:"so" to 18:"partner"
Changed 50:"frends" to 10:"friends"
Changed 54:"friend (gameserver)" to 10:"friends"
